<?xml version="1.0" encoding="UTF-8"?>
<testsuite xmlns:xsi="http://www.w3.org/2001/XMLSchema-instance" xsi:noNamespaceSchemaLocation="https://maven.apache.org/surefire/maven-surefire-plugin/xsd/surefire-test-report-3.0.xsd" version="3.0" name="br.adv.cra.controller.AuthControllerIntegrationTest" time="19.962" tests="2" errors="0" skipped="0" failures="0">
  <properties>
[...]
</properties>
  <testcase name="testRegisterCorrespondenteWithCorrespondenteId" classname="br.adv.cra.controller.AuthControllerIntegrationTest" time="2.436">
    <system-out><![CDATA[07:39:51.271 [main] INFO org.springframework.test.context.support.AnnotationConfigContextLoaderUtils -- Could not detect default configuration classes for test class [br.adv.cra.controller.AuthControllerIntegrationTest]: AuthControllerIntegrationTest does not declare any static, non-private, non-final, nested classes annotated with @Configuration.
07:39:51.532 [main] INFO org.springframework.boot.test.context.SpringBootTestContextBootstrapper -- Found @SpringBootConfiguration br.adv.cra.CraBackendApplication for test class br.adv.cra.controller.AuthControllerIntegrationTest

  .   ____          _            __ _ _
 /\\ / ___'_ __ _ _(_)_ __  __ _ \ \ \ \
( ( )\___ | '_ | '_| | '_ \/ _` | \ \ \ \
 \\/  ___)| |_)| | | | | || (_| |  ) ) ) )
  '  |____| .__|_| |_|_| |_\__, | / / / /
 =========|_|==============|___/=/_/_/_/
 :: Spring Boot ::                (v3.2.5)

2025-09-08T07:39:52.557-03:00  INFO 33392 --- [           main] b.a.c.c.AuthControllerIntegrationTest    : Starting AuthControllerIntegrationTest using Java 23.0.2 with PID 33392 (started by nsouz in d:\Projetos\craweb\cra-backend)
2025-09-08T07:39:52.558-03:00 DEBUG 33392 --- [           main] b.a.c.c.AuthControllerIntegrationTest    : Running with Spring Boot v3.2.5, Spring v6.1.6
2025-09-08T07:39:52.559-03:00  INFO 33392 --- [           main] b.a.c.c.AuthControllerIntegrationTest    : No active profile set, falling back to 1 default profile: "default"
2025-09-08T07:39:54.897-03:00  INFO 33392 --- [           main] .s.d.r.c.RepositoryConfigurationDelegate : Bootstrapping Spring Data JPA repositories in DEFAULT mode.
2025-09-08T07:39:55.117-03:00  INFO 33392 --- [           main] .s.d.r.c.RepositoryConfigurationDelegate : Finished Spring Data repository scanning in 196 ms. Found 10 JPA repository interfaces.
2025-09-08T07:39:56.372-03:00  INFO 33392 --- [           main] com.zaxxer.hikari.HikariDataSource       : CraHikariPool - Starting...
2025-09-08T07:39:56.870-03:00  INFO 33392 --- [           main] com.zaxxer.hikari.pool.HikariPool        : CraHikariPool - Added connection org.postgresql.jdbc.PgConnection@4245bf68
2025-09-08T07:39:56.873-03:00  INFO 33392 --- [           main] com.zaxxer.hikari.HikariDataSource       : CraHikariPool - Start completed.
2025-09-08T07:39:57.132-03:00  INFO 33392 --- [           main] o.hibernate.jpa.internal.util.LogHelper  : HHH000204: Processing PersistenceUnitInfo [name: default]
2025-09-08T07:39:57.306-03:00  INFO 33392 --- [           main] org.hibernate.Version                    : HHH000412: Hibernate ORM core version 6.4.4.Final
2025-09-08T07:39:57.402-03:00  INFO 33392 --- [           main] o.h.c.internal.RegionFactoryInitiator    : HHH000026: Second-level cache disabled
2025-09-08T07:39:57.965-03:00  INFO 33392 --- [           main] o.s.o.j.p.SpringPersistenceUnitInfo      : No LoadTimeWeaver setup: ignoring JPA class transformer
2025-09-08T07:39:58.068-03:00  WARN 33392 --- [           main] org.hibernate.orm.deprecation            : HHH90000025: PostgreSQLDialect does not need to be specified explicitly using 'hibernate.dialect' (remove the property setting and it will be selected by default)
2025-09-08T07:40:01.381-03:00  INFO 33392 --- [           main] o.h.e.t.j.p.i.JtaPlatformInitiator       : HHH000489: No JTA platform available (set 'hibernate.transaction.jta.platform' to enable JTA platform integration)
2025-09-08T07:40:02.179-03:00  INFO 33392 --- [           main] j.LocalContainerEntityManagerFactoryBean : Initialized JPA EntityManagerFactory for persistence unit 'default'
2025-09-08T07:40:03.163-03:00  INFO 33392 --- [           main] o.s.d.j.r.query.QueryEnhancerFactory     : Hibernate is in classpath; If applicable, HQL parser will be used.
2025-09-08T07:40:05.738-03:00  WARN 33392 --- [           main] JpaBaseConfiguration$JpaWebConfiguration : spring.jpa.open-in-view is enabled by default. Therefore, database queries may be performed during view rendering. Explicitly configure spring.jpa.open-in-view to disable this warning
2025-09-08T07:40:06.685-03:00  INFO 33392 --- [           main] o.s.s.web.DefaultSecurityFilterChain     : Will secure any request with [org.springframework.security.web.session.DisableEncodeUrlFilter@27779eaa, org.springframework.security.web.context.request.async.WebAsyncManagerIntegrationFilter@758d901e, org.springframework.security.web.context.SecurityContextHolderFilter@13d02df2, org.springframework.security.web.header.HeaderWriterFilter@17d188c5, org.springframework.web.filter.CorsFilter@56e92cdf, org.springframework.security.web.authentication.logout.LogoutFilter@4d390a0c, br.adv.cra.security.AuthTokenFilter@6ec9f664, org.springframework.security.web.savedrequest.RequestCacheAwareFilter@70653088, org.springframework.security.web.servletapi.SecurityContextHolderAwareRequestFilter@357eb0a0, org.springframework.security.web.authentication.AnonymousAuthenticationFilter@4741fb8d, org.springframework.security.web.session.SessionManagementFilter@34784a86, org.springframework.security.web.access.ExceptionTranslationFilter@a59819f, org.springframework.security.web.access.intercept.AuthorizationFilter@2d3ff2e8]
2025-09-08T07:40:07.831-03:00 DEBUG 33392 --- [           main] br.adv.cra.security.AuthTokenFilter      : Filter 'authTokenFilter' configured for use
2025-09-08T07:40:07.833-03:00  INFO 33392 --- [           main] o.s.b.t.m.w.SpringBootMockServletContext : Initializing Spring TestDispatcherServlet ''
2025-09-08T07:40:07.833-03:00  INFO 33392 --- [           main] o.s.t.web.servlet.TestDispatcherServlet  : Initializing Servlet ''
2025-09-08T07:40:07.837-03:00  INFO 33392 --- [           main] o.s.t.web.servlet.TestDispatcherServlet  : Completed initialization in 4 ms
2025-09-08T07:40:07.884-03:00  INFO 33392 --- [           main] b.a.c.c.AuthControllerIntegrationTest    : Started AuthControllerIntegrationTest in 16.071 seconds (process running for 18.444)
2025-09-08T07:40:07.899-03:00  INFO 33392 --- [           main] b.a.c.service.DatabaseConnectionService  : === DATABASE CONNECTION TEST ===
2025-09-08T07:40:07.900-03:00  INFO 33392 --- [           main] b.a.c.service.DatabaseConnectionService  : Database Product: PostgreSQL
2025-09-08T07:40:07.900-03:00  INFO 33392 --- [           main] b.a.c.service.DatabaseConnectionService  : Database Version: 17.2 (Debian 17.2-1.pgdg120+1)
2025-09-08T07:40:07.900-03:00  INFO 33392 --- [           main] b.a.c.service.DatabaseConnectionService  : Driver Name: PostgreSQL JDBC Driver
2025-09-08T07:40:07.900-03:00  INFO 33392 --- [           main] b.a.c.service.DatabaseConnectionService  : Driver Version: 42.6.2
2025-09-08T07:40:07.900-03:00  INFO 33392 --- [           main] b.a.c.service.DatabaseConnectionService  : URL: jdbc:postgresql://192.168.1.105:5432/dbcra
2025-09-08T07:40:07.900-03:00  INFO 33392 --- [           main] b.a.c.service.DatabaseConnectionService  : Username: postgres
2025-09-08T07:40:07.903-03:00  INFO 33392 --- [           main] b.a.c.service.DatabaseConnectionService  : Schema: public
2025-09-08T07:40:07.904-03:00  INFO 33392 --- [           main] b.a.c.service.DatabaseConnectionService  : Catalog: dbcra
2025-09-08T07:40:07.920-03:00  INFO 33392 --- [           main] b.a.c.service.DatabaseConnectionService  : Current Database Time: 2025-09-08 07:40:08.800186-03
2025-09-08T07:40:07.921-03:00  INFO 33392 --- [           main] b.a.c.service.DatabaseConnectionService  : Database connection successful! ✅
2025-09-08T07:40:09.086-03:00 DEBUG 33392 --- [           main] org.hibernate.SQL                        : 
    /* <criteria> */ select
        s1_0.idsolicitacao,
        s1_0.audinterna,
        s1_0.idaudiinterna,
        s1_0.avaliacaonota,
        s1_0.idbanca,
        s1_0.idcomarca,
        s1_0.complemento,
        s1_0.convolada,
        s1_0.idcorrespondente,
        s1_0.dataagendamento,
        s1_0.dataconclusao,
        s1_0.datasolictacao,
        s1_0.emailenvio,
        s1_0.idenviosolicitacao,
        s1_0.idformulario,
        s1_0.grupo,
        s1_0.horaudiencia,
        s1_0.instrucoes,
        s1_0.justificativa,
        s1_0.lide,
        s1_0.numcontrole,
        s1_0.numero,
        s1_0.observacao,
        s1_0.pago,
        s1_0.idprocesso,
        s1_0.propostaacordo,
        s1_0.idrecibo,
        s1_0.idrenumeracao,
        s1_0.requerente,
        s1_0.requerido,
        s1_0.idstatus,
        s1_0.statusexterno,
        s1_0.tempreposto,
        s1_0.textoavaliacao,
        s1_0.idtiposolicitacao,
        s1_0.tratposaudiencia,
        s1_0.uf,
        s1_0.idusuario,
        s1_0.valor,
        s1_0.valordaalcada,
        s1_0.vara 
    from
        solicitacao s1_0
Hibernate: 
    /* <criteria> */ select
        s1_0.idsolicitacao,
        s1_0.audinterna,
        s1_0.idaudiinterna,
        s1_0.avaliacaonota,
        s1_0.idbanca,
        s1_0.idcomarca,
        s1_0.complemento,
        s1_0.convolada,
        s1_0.idcorrespondente,
        s1_0.dataagendamento,
        s1_0.dataconclusao,
        s1_0.datasolictacao,
        s1_0.emailenvio,
        s1_0.idenviosolicitacao,
        s1_0.idformulario,
        s1_0.grupo,
        s1_0.horaudiencia,
        s1_0.instrucoes,
        s1_0.justificativa,
        s1_0.lide,
        s1_0.numcontrole,
        s1_0.numero,
        s1_0.observacao,
        s1_0.pago,
        s1_0.idprocesso,
        s1_0.propostaacordo,
        s1_0.idrecibo,
        s1_0.idrenumeracao,
        s1_0.requerente,
        s1_0.requerido,
        s1_0.idstatus,
        s1_0.statusexterno,
        s1_0.tempreposto,
        s1_0.textoavaliacao,
        s1_0.idtiposolicitacao,
        s1_0.tratposaudiencia,
        s1_0.uf,
        s1_0.idusuario,
        s1_0.valor,
        s1_0.valordaalcada,
        s1_0.vara 
    from
        solicitacao s1_0
2025-09-08T07:40:09.110-03:00 DEBUG 33392 --- [           main] org.hibernate.SQL                        : 
    /* <criteria> */ select
        u1_0.idusuario,
        u1_0.ativo,
        u1_0.idcorrespondente,
        u1_0.dataentrada,
        u1_0.emailprincipal,
        u1_0.emailresponsavel,
        u1_0.emailsecundario,
        u1_0.login,
        u1_0.nomecompleto,
        u1_0.senha,
        u1_0.tipo 
    from
        usuario u1_0
Hibernate: 
    /* <criteria> */ select
        u1_0.idusuario,
        u1_0.ativo,
        u1_0.idcorrespondente,
        u1_0.dataentrada,
        u1_0.emailprincipal,
        u1_0.emailresponsavel,
        u1_0.emailsecundario,
        u1_0.login,
        u1_0.nomecompleto,
        u1_0.senha,
        u1_0.tipo 
    from
        usuario u1_0
2025-09-08T07:40:09.224-03:00 DEBUG 33392 --- [           main] org.hibernate.SQL                        : 
    /* delete for br.adv.cra.entity.Usuario */delete 
    from
        usuario 
    where
        idusuario=?
Hibernate: 
    /* delete for br.adv.cra.entity.Usuario */delete 
    from
        usuario 
    where
        idusuario=?
2025-09-08T07:40:09.237-03:00 DEBUG 33392 --- [           main] org.hibernate.SQL                        : 
    /* delete for br.adv.cra.entity.Usuario */delete 
    from
        usuario 
    where
        idusuario=?
Hibernate: 
    /* delete for br.adv.cra.entity.Usuario */delete 
    from
        usuario 
    where
        idusuario=?
2025-09-08T07:40:09.495-03:00 DEBUG 33392 --- [           main] org.hibernate.SQL                        : 
    /* insert for
        br.adv.cra.entity.Usuario */insert 
    into
        usuario (ativo, idcorrespondente, dataentrada, emailprincipal, emailresponsavel, emailsecundario, login, nomecompleto, senha, tipo) 
    values
        (?, ?, ?, ?, ?, ?, ?, ?, ?, ?)
Hibernate: 
    /* insert for
        br.adv.cra.entity.Usuario */insert 
    into
        usuario (ativo, idcorrespondente, dataentrada, emailprincipal, emailresponsavel, emailsecundario, login, nomecompleto, senha, tipo) 
    values
        (?, ?, ?, ?, ?, ?, ?, ?, ?, ?)
2025-09-08T07:40:09.516-03:00 DEBUG 33392 --- [           main] org.hibernate.SQL                        : 
    /* insert for
        br.adv.cra.entity.Correspondente */insert 
    into
        correspondente (aplicaregra1, aplicaregra2, ativo, cpfcnpj, datacadastro, emailprimario, emailsecundario, enderecos_id, nome, oab, observacao, responsavel, telefonecelularprimario, telefonecelularsecundario, telefoneprimario, telefonesecundario, tipocorrepondente) 
    values
        (?, ?, ?, ?, ?, ?, ?, ?, ?, ?, ?, ?, ?, ?, ?, ?, ?)
Hibernate: 
    /* insert for
        br.adv.cra.entity.Correspondente */insert 
    into
        correspondente (aplicaregra1, aplicaregra2, ativo, cpfcnpj, datacadastro, emailprimario, emailsecundario, enderecos_id, nome, oab, observacao, responsavel, telefonecelularprimario, telefonecelularsecundario, telefoneprimario, telefonesecundario, tipocorrepondente) 
    values
        (?, ?, ?, ?, ?, ?, ?, ?, ?, ?, ?, ?, ?, ?, ?, ?, ?)
2025-09-08T07:40:09.866-03:00 DEBUG 33392 --- [           main] org.hibernate.SQL                        : 
    /* <criteria> */ select
        u1_0.idusuario,
        u1_0.ativo,
        u1_0.idcorrespondente,
        u1_0.dataentrada,
        u1_0.emailprincipal,
        u1_0.emailresponsavel,
        u1_0.emailsecundario,
        u1_0.login,
        u1_0.nomecompleto,
        u1_0.senha,
        u1_0.tipo 
    from
        usuario u1_0 
    where
        u1_0.login=?
Hibernate: 
    /* <criteria> */ select
        u1_0.idusuario,
        u1_0.ativo,
        u1_0.idcorrespondente,
        u1_0.dataentrada,
        u1_0.emailprincipal,
        u1_0.emailresponsavel,
        u1_0.emailsecundario,
        u1_0.login,
        u1_0.nomecompleto,
        u1_0.senha,
        u1_0.tipo 
    from
        usuario u1_0 
    where
        u1_0.login=?
2025-09-08T07:40:10.035-03:00  INFO 33392 --- [           main] br.adv.cra.service.AuthService           : User admin authenticated successfully
2025-09-08T07:40:10.107-03:00 DEBUG 33392 --- [           main] br.adv.cra.security.AuthTokenFilter      : JWT token found: eyJhbGciOiJIUzI1NiJ9...
2025-09-08T07:40:10.115-03:00 DEBUG 33392 --- [           main] br.adv.cra.security.AuthTokenFilter      : JWT token valid for user: admin
2025-09-08T07:40:10.118-03:00 DEBUG 33392 --- [           main] org.hibernate.SQL                        : 
    /* <criteria> */ select
        u1_0.idusuario,
        u1_0.ativo,
        u1_0.idcorrespondente,
        u1_0.dataentrada,
        u1_0.emailprincipal,
        u1_0.emailresponsavel,
        u1_0.emailsecundario,
        u1_0.login,
        u1_0.nomecompleto,
        u1_0.senha,
        u1_0.tipo 
    from
        usuario u1_0 
    where
        u1_0.login=?
Hibernate: 
    /* <criteria> */ select
        u1_0.idusuario,
        u1_0.ativo,
        u1_0.idcorrespondente,
        u1_0.dataentrada,
        u1_0.emailprincipal,
        u1_0.emailresponsavel,
        u1_0.emailsecundario,
        u1_0.login,
        u1_0.nomecompleto,
        u1_0.senha,
        u1_0.tipo 
    from
        usuario u1_0 
    where
        u1_0.login=?
2025-09-08T07:40:10.138-03:00 DEBUG 33392 --- [           main] br.adv.cra.security.AuthTokenFilter      : Authentication set for user: admin
2025-09-08T07:40:10.200-03:00 DEBUG 33392 --- [           main] org.hibernate.SQL                        : 
    /* <criteria> */ select
        u1_0.idusuario 
    from
        usuario u1_0 
    where
        u1_0.login=? 
    fetch
        first ? rows only
Hibernate: 
    /* <criteria> */ select
        u1_0.idusuario 
    from
        usuario u1_0 
    where
        u1_0.login=? 
    fetch
        first ? rows only
2025-09-08T07:40:10.342-03:00 DEBUG 33392 --- [           main] org.hibernate.SQL                        : 
    select
        c1_0.idcorrespondente,
        c1_0.aplicaregra1,
        c1_0.aplicaregra2,
        c1_0.ativo,
        c1_0.cpfcnpj,
        c1_0.datacadastro,
        c1_0.emailprimario,
        c1_0.emailsecundario,
        e1_0.idendereco,
        e1_0.bairro,
        e1_0.cep,
        e1_0.cidade,
        e1_0.complemento,
        e1_0.logradouro,
        e1_0.numero,
        e1_0.observacao,
        u1_0.iduf,
        u1_0.nome,
        u1_0.sigla,
        c1_0.nome,
        c1_0.oab,
        c1_0.observacao,
        c1_0.responsavel,
        c1_0.telefonecelularprimario,
        c1_0.telefonecelularsecundario,
        c1_0.telefoneprimario,
        c1_0.telefonesecundario,
        c1_0.tipocorrepondente 
    from
        correspondente c1_0 
    left join
        endereco e1_0 
            on e1_0.idendereco=c1_0.enderecos_id 
    left join
        uf u1_0 
            on u1_0.iduf=e1_0.uf_id 
    where
        c1_0.idcorrespondente=?
Hibernate: 
    select
        c1_0.idcorrespondente,
        c1_0.aplicaregra1,
        c1_0.aplicaregra2,
        c1_0.ativo,
        c1_0.cpfcnpj,
        c1_0.datacadastro,
        c1_0.emailprimario,
        c1_0.emailsecundario,
        e1_0.idendereco,
        e1_0.bairro,
        e1_0.cep,
        e1_0.cidade,
        e1_0.complemento,
        e1_0.logradouro,
        e1_0.numero,
        e1_0.observacao,
        u1_0.iduf,
        u1_0.nome,
        u1_0.sigla,
        c1_0.nome,
        c1_0.oab,
        c1_0.observacao,
        c1_0.responsavel,
        c1_0.telefonecelularprimario,
        c1_0.telefonecelularsecundario,
        c1_0.telefoneprimario,
        c1_0.telefonesecundario,
        c1_0.tipocorrepondente 
    from
        correspondente c1_0 
    left join
        endereco e1_0 
            on e1_0.idendereco=c1_0.enderecos_id 
    left join
        uf u1_0 
            on u1_0.iduf=e1_0.uf_id 
    where
        c1_0.idcorrespondente=?
2025-09-08T07:40:10.347-03:00 DEBUG 33392 --- [           main] org.hibernate.SQL                        : 
    /* insert for
        br.adv.cra.entity.Usuario */insert 
    into
        usuario (ativo, idcorrespondente, dataentrada, emailprincipal, emailresponsavel, emailsecundario, login, nomecompleto, senha, tipo) 
    values
        (?, ?, ?, ?, ?, ?, ?, ?, ?, ?)
Hibernate: 
    /* insert for
        br.adv.cra.entity.Usuario */insert 
    into
        usuario (ativo, idcorrespondente, dataentrada, emailprincipal, emailresponsavel, emailsecundario, login, nomecompleto, senha, tipo) 
    values
        (?, ?, ?, ?, ?, ?, ?, ?, ?, ?)
2025-09-08T07:40:10.360-03:00  INFO 33392 --- [           main] br.adv.cra.service.AuthService           : User testcorrespondente registered successfully
]]></system-out>
    <system-err><![CDATA[WARNING: A Java agent has been loaded dynamically (D:\Programs\m2\net\bytebuddy\byte-buddy-agent\1.14.13\byte-buddy-agent-1.14.13.jar)
WARNING: If a serviceability tool is in use, please run with -XX:+EnableDynamicAgentLoading to hide this warning
WARNING: If a serviceability tool is not in use, please run with -Djdk.instrument.traceUsage for more information
WARNING: Dynamic loading of agents will be disallowed by default in a future release
]]></system-err>
  </testcase>
  <testcase name="testRegisterUserWithoutCorrespondente" classname="br.adv.cra.controller.AuthControllerIntegrationTest" time="0.449">
    <system-out><![CDATA[2025-09-08T07:40:10.409-03:00 DEBUG 33392 --- [           main] org.hibernate.SQL                        : 
    /* <criteria> */ select
        s1_0.idsolicitacao,
        s1_0.audinterna,
        s1_0.idaudiinterna,
        s1_0.avaliacaonota,
        s1_0.idbanca,
        s1_0.idcomarca,
        s1_0.complemento,
        s1_0.convolada,
        s1_0.idcorrespondente,
        s1_0.dataagendamento,
        s1_0.dataconclusao,
        s1_0.datasolictacao,
        s1_0.emailenvio,
        s1_0.idenviosolicitacao,
        s1_0.idformulario,
        s1_0.grupo,
        s1_0.horaudiencia,
        s1_0.instrucoes,
        s1_0.justificativa,
        s1_0.lide,
        s1_0.numcontrole,
        s1_0.numero,
        s1_0.observacao,
        s1_0.pago,
        s1_0.idprocesso,
        s1_0.propostaacordo,
        s1_0.idrecibo,
        s1_0.idrenumeracao,
        s1_0.requerente,
        s1_0.requerido,
        s1_0.idstatus,
        s1_0.statusexterno,
        s1_0.tempreposto,
        s1_0.textoavaliacao,
        s1_0.idtiposolicitacao,
        s1_0.tratposaudiencia,
        s1_0.uf,
        s1_0.idusuario,
        s1_0.valor,
        s1_0.valordaalcada,
        s1_0.vara 
    from
        solicitacao s1_0
Hibernate: 
    /* <criteria> */ select
        s1_0.idsolicitacao,
        s1_0.audinterna,
        s1_0.idaudiinterna,
        s1_0.avaliacaonota,
        s1_0.idbanca,
        s1_0.idcomarca,
        s1_0.complemento,
        s1_0.convolada,
        s1_0.idcorrespondente,
        s1_0.dataagendamento,
        s1_0.dataconclusao,
        s1_0.datasolictacao,
        s1_0.emailenvio,
        s1_0.idenviosolicitacao,
        s1_0.idformulario,
        s1_0.grupo,
        s1_0.horaudiencia,
        s1_0.instrucoes,
        s1_0.justificativa,
        s1_0.lide,
        s1_0.numcontrole,
        s1_0.numero,
        s1_0.observacao,
        s1_0.pago,
        s1_0.idprocesso,
        s1_0.propostaacordo,
        s1_0.idrecibo,
        s1_0.idrenumeracao,
        s1_0.requerente,
        s1_0.requerido,
        s1_0.idstatus,
        s1_0.statusexterno,
        s1_0.tempreposto,
        s1_0.textoavaliacao,
        s1_0.idtiposolicitacao,
        s1_0.tratposaudiencia,
        s1_0.uf,
        s1_0.idusuario,
        s1_0.valor,
        s1_0.valordaalcada,
        s1_0.vara 
    from
        solicitacao s1_0
2025-09-08T07:40:10.419-03:00 DEBUG 33392 --- [           main] org.hibernate.SQL                        : 
    /* <criteria> */ select
        u1_0.idusuario,
        u1_0.ativo,
        u1_0.idcorrespondente,
        u1_0.dataentrada,
        u1_0.emailprincipal,
        u1_0.emailresponsavel,
        u1_0.emailsecundario,
        u1_0.login,
        u1_0.nomecompleto,
        u1_0.senha,
        u1_0.tipo 
    from
        usuario u1_0
Hibernate: 
    /* <criteria> */ select
        u1_0.idusuario,
        u1_0.ativo,
        u1_0.idcorrespondente,
        u1_0.dataentrada,
        u1_0.emailprincipal,
        u1_0.emailresponsavel,
        u1_0.emailsecundario,
        u1_0.login,
        u1_0.nomecompleto,
        u1_0.senha,
        u1_0.tipo 
    from
        usuario u1_0
2025-09-08T07:40:10.425-03:00 DEBUG 33392 --- [           main] org.hibernate.SQL                        : 
    select
        c1_0.idcorrespondente,
        c1_0.aplicaregra1,
        c1_0.aplicaregra2,
        c1_0.ativo,
        c1_0.cpfcnpj,
        c1_0.datacadastro,
        c1_0.emailprimario,
        c1_0.emailsecundario,
        e1_0.idendereco,
        e1_0.bairro,
        e1_0.cep,
        e1_0.cidade,
        e1_0.complemento,
        e1_0.logradouro,
        e1_0.numero,
        e1_0.observacao,
        u1_0.iduf,
        u1_0.nome,
        u1_0.sigla,
        c1_0.nome,
        c1_0.oab,
        c1_0.observacao,
        c1_0.responsavel,
        c1_0.telefonecelularprimario,
        c1_0.telefonecelularsecundario,
        c1_0.telefoneprimario,
        c1_0.telefonesecundario,
        c1_0.tipocorrepondente 
    from
        correspondente c1_0 
    left join
        endereco e1_0 
            on e1_0.idendereco=c1_0.enderecos_id 
    left join
        uf u1_0 
            on u1_0.iduf=e1_0.uf_id 
    where
        c1_0.idcorrespondente=?
Hibernate: 
    select
        c1_0.idcorrespondente,
        c1_0.aplicaregra1,
        c1_0.aplicaregra2,
        c1_0.ativo,
        c1_0.cpfcnpj,
        c1_0.datacadastro,
        c1_0.emailprimario,
        c1_0.emailsecundario,
        e1_0.idendereco,
        e1_0.bairro,
        e1_0.cep,
        e1_0.cidade,
        e1_0.complemento,
        e1_0.logradouro,
        e1_0.numero,
        e1_0.observacao,
        u1_0.iduf,
        u1_0.nome,
        u1_0.sigla,
        c1_0.nome,
        c1_0.oab,
        c1_0.observacao,
        c1_0.responsavel,
        c1_0.telefonecelularprimario,
        c1_0.telefonecelularsecundario,
        c1_0.telefoneprimario,
        c1_0.telefonesecundario,
        c1_0.tipocorrepondente 
    from
        correspondente c1_0 
    left join
        endereco e1_0 
            on e1_0.idendereco=c1_0.enderecos_id 
    left join
        uf u1_0 
            on u1_0.iduf=e1_0.uf_id 
    where
        c1_0.idcorrespondente=?
2025-09-08T07:40:10.434-03:00 DEBUG 33392 --- [           main] org.hibernate.SQL                        : 
    /* delete for br.adv.cra.entity.Usuario */delete 
    from
        usuario 
    where
        idusuario=?
Hibernate: 
    /* delete for br.adv.cra.entity.Usuario */delete 
    from
        usuario 
    where
        idusuario=?
2025-09-08T07:40:10.435-03:00 DEBUG 33392 --- [           main] org.hibernate.SQL                        : 
    /* delete for br.adv.cra.entity.Usuario */delete 
    from
        usuario 
    where
        idusuario=?
Hibernate: 
    /* delete for br.adv.cra.entity.Usuario */delete 
    from
        usuario 
    where
        idusuario=?
2025-09-08T07:40:10.553-03:00 DEBUG 33392 --- [           main] org.hibernate.SQL                        : 
    /* insert for
        br.adv.cra.entity.Usuario */insert 
    into
        usuario (ativo, idcorrespondente, dataentrada, emailprincipal, emailresponsavel, emailsecundario, login, nomecompleto, senha, tipo) 
    values
        (?, ?, ?, ?, ?, ?, ?, ?, ?, ?)
Hibernate: 
    /* insert for
        br.adv.cra.entity.Usuario */insert 
    into
        usuario (ativo, idcorrespondente, dataentrada, emailprincipal, emailresponsavel, emailsecundario, login, nomecompleto, senha, tipo) 
    values
        (?, ?, ?, ?, ?, ?, ?, ?, ?, ?)
2025-09-08T07:40:10.568-03:00 DEBUG 33392 --- [           main] org.hibernate.SQL                        : 
    /* <criteria> */ select
        u1_0.idusuario,
        u1_0.ativo,
        u1_0.idcorrespondente,
        u1_0.dataentrada,
        u1_0.emailprincipal,
        u1_0.emailresponsavel,
        u1_0.emailsecundario,
        u1_0.login,
        u1_0.nomecompleto,
        u1_0.senha,
        u1_0.tipo 
    from
        usuario u1_0 
    where
        u1_0.login=?
Hibernate: 
    /* <criteria> */ select
        u1_0.idusuario,
        u1_0.ativo,
        u1_0.idcorrespondente,
        u1_0.dataentrada,
        u1_0.emailprincipal,
        u1_0.emailresponsavel,
        u1_0.emailsecundario,
        u1_0.login,
        u1_0.nomecompleto,
        u1_0.senha,
        u1_0.tipo 
    from
        usuario u1_0 
    where
        u1_0.login=?
2025-09-08T07:40:10.686-03:00  INFO 33392 --- [           main] br.adv.cra.service.AuthService           : User admin authenticated successfully
2025-09-08T07:40:10.692-03:00 DEBUG 33392 --- [           main] br.adv.cra.security.AuthTokenFilter      : JWT token found: eyJhbGciOiJIUzI1NiJ9...
2025-09-08T07:40:10.696-03:00 DEBUG 33392 --- [           main] br.adv.cra.security.AuthTokenFilter      : JWT token valid for user: admin
2025-09-08T07:40:10.697-03:00 DEBUG 33392 --- [           main] org.hibernate.SQL                        : 
    /* <criteria> */ select
        u1_0.idusuario,
        u1_0.ativo,
        u1_0.idcorrespondente,
        u1_0.dataentrada,
        u1_0.emailprincipal,
        u1_0.emailresponsavel,
        u1_0.emailsecundario,
        u1_0.login,
        u1_0.nomecompleto,
        u1_0.senha,
        u1_0.tipo 
    from
        usuario u1_0 
    where
        u1_0.login=?
Hibernate: 
    /* <criteria> */ select
        u1_0.idusuario,
        u1_0.ativo,
        u1_0.idcorrespondente,
        u1_0.dataentrada,
        u1_0.emailprincipal,
        u1_0.emailresponsavel,
        u1_0.emailsecundario,
        u1_0.login,
        u1_0.nomecompleto,
        u1_0.senha,
        u1_0.tipo 
    from
        usuario u1_0 
    where
        u1_0.login=?
2025-09-08T07:40:10.706-03:00 DEBUG 33392 --- [           main] br.adv.cra.security.AuthTokenFilter      : Authentication set for user: admin
2025-09-08T07:40:10.710-03:00 DEBUG 33392 --- [           main] org.hibernate.SQL                        : 
    /* <criteria> */ select
        u1_0.idusuario 
    from
        usuario u1_0 
    where
        u1_0.login=? 
    fetch
        first ? rows only
Hibernate: 
    /* <criteria> */ select
        u1_0.idusuario 
    from
        usuario u1_0 
    where
        u1_0.login=? 
    fetch
        first ? rows only
2025-09-08T07:40:10.810-03:00 DEBUG 33392 --- [           main] org.hibernate.SQL                        : 
    /* insert for
        br.adv.cra.entity.Usuario */insert 
    into
        usuario (ativo, idcorrespondente, dataentrada, emailprincipal, emailresponsavel, emailsecundario, login, nomecompleto, senha, tipo) 
    values
        (?, ?, ?, ?, ?, ?, ?, ?, ?, ?)
Hibernate: 
    /* insert for
        br.adv.cra.entity.Usuario */insert 
    into
        usuario (ativo, idcorrespondente, dataentrada, emailprincipal, emailresponsavel, emailsecundario, login, nomecompleto, senha, tipo) 
    values
        (?, ?, ?, ?, ?, ?, ?, ?, ?, ?)
2025-09-08T07:40:10.819-03:00  INFO 33392 --- [           main] br.adv.cra.service.AuthService           : User testuser registered successfully
]]></system-out>
  </testcase>
</testsuite>