<?xml version="1.0" encoding="UTF-8"?>
<testsuite xmlns:xsi="http://www.w3.org/2001/XMLSchema-instance" xsi:noNamespaceSchemaLocation="https://maven.apache.org/surefire/maven-surefire-plugin/xsd/surefire-test-report-3.0.xsd" version="3.0" name="br.adv.cra.controller.UfControllerTest" time="0.252" tests="6" errors="0" skipped="0" failures="0">
  <properties>
[...]
</properties>
  <testcase name="testBuscarPorId_Success" classname="br.adv.cra.controller.UfControllerTest" time="0.126">
    <system-out><![CDATA[2025-09-08T07:40:12.531-03:00  INFO 33392 --- [           main] o.s.mock.web.MockServletContext          : Initializing Spring TestDispatcherServlet ''
2025-09-08T07:40:12.532-03:00  INFO 33392 --- [           main] o.s.t.web.servlet.TestDispatcherServlet  : Initializing Servlet ''
2025-09-08T07:40:12.532-03:00  INFO 33392 --- [           main] o.s.t.web.servlet.TestDispatcherServlet  : Completed initialization in 0 ms
]]></system-out>
  </testcase>
  <testcase name="testBuscarPorSigla_NotFound" classname="br.adv.cra.controller.UfControllerTest" time="0.021">
    <system-out><![CDATA[2025-09-08T07:40:12.555-03:00  INFO 33392 --- [           main] o.s.mock.web.MockServletContext          : Initializing Spring TestDispatcherServlet ''
2025-09-08T07:40:12.556-03:00  INFO 33392 --- [           main] o.s.t.web.servlet.TestDispatcherServlet  : Initializing Servlet ''
2025-09-08T07:40:12.557-03:00  INFO 33392 --- [           main] o.s.t.web.servlet.TestDispatcherServlet  : Completed initialization in 1 ms
]]></system-out>
  </testcase>
  <testcase name="testBuscarPorId_NotFound" classname="br.adv.cra.controller.UfControllerTest" time="0.022">
    <system-out><![CDATA[2025-09-08T07:40:12.579-03:00  INFO 33392 --- [           main] o.s.mock.web.MockServletContext          : Initializing Spring TestDispatcherServlet ''
2025-09-08T07:40:12.579-03:00  INFO 33392 --- [           main] o.s.t.web.servlet.TestDispatcherServlet  : Initializing Servlet ''
2025-09-08T07:40:12.581-03:00  INFO 33392 --- [           main] o.s.t.web.servlet.TestDispatcherServlet  : Completed initialization in 0 ms
]]></system-out>
  </testcase>
  <testcase name="testListarTodas" classname="br.adv.cra.controller.UfControllerTest" time="0.03">
    <system-out><![CDATA[2025-09-08T07:40:12.609-03:00  INFO 33392 --- [           main] o.s.mock.web.MockServletContext          : Initializing Spring TestDispatcherServlet ''
2025-09-08T07:40:12.609-03:00  INFO 33392 --- [           main] o.s.t.web.servlet.TestDispatcherServlet  : Initializing Servlet ''
2025-09-08T07:40:12.610-03:00  INFO 33392 --- [           main] o.s.t.web.servlet.TestDispatcherServlet  : Completed initialization in 1 ms
]]></system-out>
  </testcase>
  <testcase name="testBuscarPorNome" classname="br.adv.cra.controller.UfControllerTest" time="0.022">
    <system-out><![CDATA[2025-09-08T07:40:12.635-03:00  INFO 33392 --- [           main] o.s.mock.web.MockServletContext          : Initializing Spring TestDispatcherServlet ''
2025-09-08T07:40:12.636-03:00  INFO 33392 --- [           main] o.s.t.web.servlet.TestDispatcherServlet  : Initializing Servlet ''
2025-09-08T07:40:12.636-03:00  INFO 33392 --- [           main] o.s.t.web.servlet.TestDispatcherServlet  : Completed initialization in 0 ms
]]></system-out>
  </testcase>
  <testcase name="testBuscarPorSigla_Success" classname="br.adv.cra.controller.UfControllerTest" time="0.022">
    <system-out><![CDATA[2025-09-08T07:40:12.658-03:00  INFO 33392 --- [           main] o.s.mock.web.MockServletContext          : Initializing Spring TestDispatcherServlet ''
2025-09-08T07:40:12.658-03:00  INFO 33392 --- [           main] o.s.t.web.servlet.TestDispatcherServlet  : Initializing Servlet ''
2025-09-08T07:40:12.658-03:00  INFO 33392 --- [           main] o.s.t.web.servlet.TestDispatcherServlet  : Completed initialization in 0 ms
]]></system-out>
  </testcase>
</testsuite>